[debug] [2019-06-08T03:36:01.441Z] ----------------------------------------------------------------------
[debug] [2019-06-08T03:36:01.442Z] Command:       /usr/local/bin/node /usr/local/bin/firebase deploy --only functions
[debug] [2019-06-08T03:36:01.443Z] CLI Version:   6.10.0
[debug] [2019-06-08T03:36:01.443Z] Platform:      darwin
[debug] [2019-06-08T03:36:01.443Z] Node Version:  v10.13.0
[debug] [2019-06-08T03:36:01.444Z] Time:          Fri Jun 07 2019 20:36:01 GMT-0700 (Pacific Daylight Time)
[debug] [2019-06-08T03:36:01.444Z] ----------------------------------------------------------------------
[debug] 
[debug] [2019-06-08T03:36:01.459Z] > command requires scopes: ["email","openid","https://www.googleapis.com/auth/cloudplatformprojects.readonly","https://www.googleapis.com/auth/firebase","https://www.googleapis.com/auth/cloud-platform"]
[debug] [2019-06-08T03:36:01.459Z] > authorizing via signed-in user
[debug] [2019-06-08T03:36:01.459Z] [iam] checking project cnstllnpdf for permissions ["cloudfunctions.functions.create","cloudfunctions.functions.delete","cloudfunctions.functions.get","cloudfunctions.functions.list","cloudfunctions.functions.update","cloudfunctions.operations.get","firebase.projects.get"]
[debug] [2019-06-08T03:36:01.460Z] > refreshing access token with scopes: ["email","https://www.googleapis.com/auth/cloud-platform","https://www.googleapis.com/auth/cloudplatformprojects.readonly","https://www.googleapis.com/auth/firebase","openid"]
[debug] [2019-06-08T03:36:01.461Z] >>> HTTP REQUEST POST https://www.googleapis.com/oauth2/v3/token  
 <request body omitted>
[debug] [2019-06-08T03:36:01.714Z] <<< HTTP RESPONSE 200
[debug] [2019-06-08T03:36:01.724Z] >>> HTTP REQUEST POST https://cloudresourcemanager.googleapis.com/v1/projects/cnstllnpdf:testIamPermissions  

[debug] [2019-06-08T03:36:02.048Z] <<< HTTP RESPONSE 200
[info] 
[info] === Deploying to 'cnstllnpdf'...
[info] 
[info] i  deploying functions
[debug] [2019-06-08T03:36:02.878Z] > [functions] package.json contents: {
  "name": "functions",
  "description": "Cloud Functions for Firebase",
  "scripts": {
    "serve": "firebase serve --only functions",
    "shell": "firebase functions:shell",
    "start": "npm run shell",
    "deploy": "firebase deploy --only functions",
    "logs": "firebase functions:log"
  },
  "engines": {
    "node": "8"
  },
  "dependencies": {
    "firebase-admin": "~7.0.0",
    "firebase-functions": "^2.3.0"
  },
  "devDependencies": {
    "firebase-functions-test": "^0.1.6"
  },
  "private": true
}
[info] i  functions: ensuring necessary APIs are enabled...
[debug] [2019-06-08T03:36:02.885Z] >>> HTTP REQUEST GET https://servicemanagement.googleapis.com/v1/services/cloudfunctions.googleapis.com/projectSettings/cnstllnpdf?view=CONSUMER_VIEW  
 
[debug] [2019-06-08T03:36:02.885Z] >>> HTTP REQUEST GET https://servicemanagement.googleapis.com/v1/services/runtimeconfig.googleapis.com/projectSettings/cnstllnpdf?view=CONSUMER_VIEW  
 
[debug] [2019-06-08T03:36:03.790Z] <<< HTTP RESPONSE 200
[debug] [2019-06-08T03:36:03.804Z] <<< HTTP RESPONSE 200
[info] ✔  functions: all necessary APIs are enabled
[debug] [2019-06-08T03:36:03.805Z] >>> HTTP REQUEST GET https://cloudresourcemanager.googleapis.com/v1/projects/cnstllnpdf  
 
[debug] [2019-06-08T03:36:04.105Z] <<< HTTP RESPONSE 200
[debug] [2019-06-08T03:36:04.105Z] >>> HTTP REQUEST GET https://mobilesdk-pa.googleapis.com/v1/projects/897910200656:getServerAppConfig  
 
[debug] [2019-06-08T03:36:04.549Z] <<< HTTP RESPONSE 200
[info] i  functions: preparing functions directory for uploading...
[debug] [2019-06-08T03:36:04.552Z] >>> HTTP REQUEST GET https://runtimeconfig.googleapis.com/v1beta1/projects/cnstllnpdf/configs  
 
[debug] [2019-06-08T03:36:04.808Z] <<< HTTP RESPONSE 200
[info] i  functions: packaged functions (27.72 KB) for uploading
[debug] [2019-06-08T03:36:05.021Z] >>> HTTP REQUEST POST https://cloudfunctions.googleapis.com/v1/projects/cnstllnpdf/locations/us-central1/functions:generateUploadUrl  
 
